<?xml version="1.0" encoding="UTF-8"?>
<!-- Generated by org.testng.reporters.JUnitReportReporter -->
<testsuite hostname="Rafias-MacBook-Air.local" failures="0" tests="1" name="Base.baseclass" time="3.178" errors="0" timestamp="2022-03-02T02:06:06 BDT" skipped="0">
  <testcase classname="Base.baseclass" name="sampleTest" time="3.178"/>
  <system-out/>
</testsuite> <!-- Base.baseclass -->
